<?xml version="1.0" encoding="UTF-8"?>
<testsuite name="edu.jsu.mcis.TicTacToeGameTest" tests="2" skipped="0" failures="0" errors="0" timestamp="2014-09-18T00:49:02" hostname="LenovoThinkPadX" time="0.117">
  <properties/>
  <testcase name="testMakeMarkAtCenter" classname="edu.jsu.mcis.TicTacToeGameTest" time="0.11"/>
  <testcase name="testMakeMarksOverExisting" classname="edu.jsu.mcis.TicTacToeGameTest" time="0.006"/>
  <system-out><![CDATA[]]></system-out>
  <system-err><![CDATA[]]></system-err>
</testsuite>
